app/build/intermediates/manifest_merge_blame_file/debug/manifest-merger-blame-debug-report.txt
1<?xml version="1.0" encoding="utf-8"?>
2<manifest xmlns:android="http://schemas.android.com/apk/res/android"
3    package="com.example.mediassist"
4    android:versionCode="1"
5    android:versionName="1.0" >
6
7    <uses-sdk
8        android:minSdkVersion="28"
8-->src\main\AndroidManifest.xml
9        android:targetSdkVersion="32" />
9-->src\main\AndroidManifest.xml
10
11    <uses-permission android:name="android.permission.ACCESS_FINE_LOCATION" />
11-->src\main\AndroidManifest.xml:5:5-79
11-->src\main\AndroidManifest.xml:5:22-76
12    <uses-permission android:name="android.permission.ACCESS_COARSE_LOCATION" />
12-->src\main\AndroidManifest.xml:6:5-81
12-->src\main\AndroidManifest.xml:6:22-78
13    <uses-permission android:name="android.permission.ACCESS_NETWORK_STATE" />
13-->src\main\AndroidManifest.xml:7:5-79
13-->src\main\AndroidManifest.xml:7:22-76
14    <uses-permission android:name="android.permission.INTERNET" />
14-->src\main\AndroidManifest.xml:8:5-67
14-->src\main\AndroidManifest.xml:8:22-64
15    <uses-permission android:name="android.permission.ACCESS_GPS" />
15-->src\main\AndroidManifest.xml:9:5-69
15-->src\main\AndroidManifest.xml:9:22-66
16    <uses-permission android:name="android.permission.ACCESS_LOCATION" />
16-->src\main\AndroidManifest.xml:10:5-74
16-->src\main\AndroidManifest.xml:10:22-71
17    <uses-permission android:name="android.permission.ACCESS_WIFI_STATE" />
17-->[com.google.android.libraries.places:places:2.7.0] AndroidManifest.xml:11:5-76
17-->[com.google.android.libraries.places:places:2.7.0] AndroidManifest.xml:11:22-73
18
19    <uses-feature
19-->[com.google.android.gms:play-services-maps:18.1.0] AndroidManifest.xml:26:5-28:35
20        android:glEsVersion="0x00020000"
20-->[com.google.android.gms:play-services-maps:18.1.0] AndroidManifest.xml:27:9-41
21        android:required="true" />
21-->[com.google.android.gms:play-services-maps:18.1.0] AndroidManifest.xml:28:9-32
22
23    <queries>
23-->[com.google.android.gms:play-services-maps:18.1.0] AndroidManifest.xml:30:5-34:15
24
25        <!-- Needs to be explicitly declared on Android R+ -->
26        <package android:name="com.google.android.apps.maps" />
26-->[com.google.android.gms:play-services-maps:18.1.0] AndroidManifest.xml:33:9-64
26-->[com.google.android.gms:play-services-maps:18.1.0] AndroidManifest.xml:33:18-61
27    </queries>
28
29    <uses-permission android:name="android.permission.WAKE_LOCK" />
29-->[com.google.android.gms:play-services-measurement-api:21.2.0] AndroidManifest.xml:24:5-68
29-->[com.google.android.gms:play-services-measurement-api:21.2.0] AndroidManifest.xml:24:22-65
30    <uses-permission android:name="com.google.android.gms.permission.AD_ID" />
30-->[com.google.android.gms:play-services-measurement-api:21.2.0] AndroidManifest.xml:25:5-79
30-->[com.google.android.gms:play-services-measurement-api:21.2.0] AndroidManifest.xml:25:22-76
31    <uses-permission android:name="com.google.android.finsky.permission.BIND_GET_INSTALL_REFERRER_SERVICE" />
31-->[com.google.android.gms:play-services-measurement:21.2.0] AndroidManifest.xml:26:5-110
31-->[com.google.android.gms:play-services-measurement:21.2.0] AndroidManifest.xml:26:22-107
32
33    <application
33-->src\main\AndroidManifest.xml:12:5-230:19
34        android:allowBackup="true"
34-->src\main\AndroidManifest.xml:13:9-35
35        android:appComponentFactory="androidx.core.app.CoreComponentFactory"
35-->[androidx.core:core:1.8.0] AndroidManifest.xml:24:18-86
36        android:dataExtractionRules="@xml/data_extraction_rules"
36-->src\main\AndroidManifest.xml:14:9-65
37        android:debuggable="true"
38        android:extractNativeLibs="false"
39        android:fullBackupContent="@xml/backup_rules"
39-->src\main\AndroidManifest.xml:15:9-54
40        android:icon="@drawable/logo"
40-->src\main\AndroidManifest.xml:16:9-38
41        android:label="@string/app_name"
41-->src\main\AndroidManifest.xml:17:9-41
42        android:roundIcon="@drawable/logo"
42-->src\main\AndroidManifest.xml:18:9-43
43        android:supportsRtl="true"
43-->src\main\AndroidManifest.xml:19:9-35
44        android:testOnly="true"
45        android:theme="@style/Theme.MediAssist" >
45-->src\main\AndroidManifest.xml:20:9-48
46        <activity
46-->src\main\AndroidManifest.xml:22:9-30:20
47            android:name="com.example.mediassist.denyappointmentadmin.DenyAppointmentAdminSpecificMainActivity"
47-->src\main\AndroidManifest.xml:23:13-90
48            android:exported="false"
48-->src\main\AndroidManifest.xml:24:13-37
49            android:label="@string/title_activity_deny_appointment_admin_specific_main"
49-->src\main\AndroidManifest.xml:25:13-88
50            android:theme="@style/Theme.MediAssist.NoActionBar" >
50-->src\main\AndroidManifest.xml:26:13-64
51            <meta-data
51-->src\main\AndroidManifest.xml:27:13-29:36
52                android:name="android.app.lib_name"
52-->src\main\AndroidManifest.xml:28:17-52
53                android:value="" />
53-->src\main\AndroidManifest.xml:29:17-33
54        </activity>
55        <activity
55-->src\main\AndroidManifest.xml:31:9-39:20
56            android:name="com.example.mediassist.acceptappointmentadmin.AcceptAppointmentAdminMainActivity"
56-->src\main\AndroidManifest.xml:32:13-86
57            android:exported="false"
57-->src\main\AndroidManifest.xml:33:13-37
58            android:label="@string/title_activity_accept_deny_appointment_admin_main"
58-->src\main\AndroidManifest.xml:34:13-86
59            android:theme="@style/Theme.MediAssist.NoActionBar" >
59-->src\main\AndroidManifest.xml:35:13-64
60            <meta-data
60-->src\main\AndroidManifest.xml:27:13-29:36
61                android:name="android.app.lib_name"
61-->src\main\AndroidManifest.xml:28:17-52
62                android:value="" />
62-->src\main\AndroidManifest.xml:29:17-33
63        </activity>
64        <activity
64-->src\main\AndroidManifest.xml:40:9-48:20
65            android:name="com.example.mediassist.acceptdenyappointmentadmin.AcceptDenyAppointmentAdminMainActivity"
65-->src\main\AndroidManifest.xml:41:13-94
66            android:exported="false"
66-->src\main\AndroidManifest.xml:42:13-37
67            android:label="@string/title_activity_accept_appointment_admin_main"
67-->src\main\AndroidManifest.xml:43:13-81
68            android:theme="@style/Theme.MediAssist.NoActionBar" >
68-->src\main\AndroidManifest.xml:44:13-64
69            <meta-data
69-->src\main\AndroidManifest.xml:27:13-29:36
70                android:name="android.app.lib_name"
70-->src\main\AndroidManifest.xml:28:17-52
71                android:value="" />
71-->src\main\AndroidManifest.xml:29:17-33
72        </activity>
73        <activity
73-->src\main\AndroidManifest.xml:49:9-57:20
74            android:name="com.example.mediassist.denyappointmentclinicadmin.DenyAppointmentClinicAdminSpecificMainActivity"
74-->src\main\AndroidManifest.xml:50:13-102
75            android:exported="false"
75-->src\main\AndroidManifest.xml:51:13-37
76            android:label="DenyAppointmentClinicAdminSpecificMainActivity"
76-->src\main\AndroidManifest.xml:52:13-75
77            android:theme="@style/Theme.MediAssist.NoActionBar" >
77-->src\main\AndroidManifest.xml:53:13-64
78            <meta-data
78-->src\main\AndroidManifest.xml:27:13-29:36
79                android:name="android.app.lib_name"
79-->src\main\AndroidManifest.xml:28:17-52
80                android:value="" />
80-->src\main\AndroidManifest.xml:29:17-33
81        </activity>
82        <activity
82-->src\main\AndroidManifest.xml:58:9-66:20
83            android:name="com.example.mediassist.acceptappointmentclinicadmin.AcceptAppointmentClinicAdminSpecificActivity"
83-->src\main\AndroidManifest.xml:59:13-102
84            android:exported="false"
84-->src\main\AndroidManifest.xml:60:13-37
85            android:label="AcceptAppointmentClinicAdminSpecificActivity"
85-->src\main\AndroidManifest.xml:61:13-73
86            android:theme="@style/Theme.MediAssist.NoActionBar" >
86-->src\main\AndroidManifest.xml:62:13-64
87            <meta-data
87-->src\main\AndroidManifest.xml:27:13-29:36
88                android:name="android.app.lib_name"
88-->src\main\AndroidManifest.xml:28:17-52
89                android:value="" />
89-->src\main\AndroidManifest.xml:29:17-33
90        </activity>
91        <activity
91-->src\main\AndroidManifest.xml:67:9-75:20
92            android:name="com.example.mediassist.scheduleappointmentdoctor.ScheduledAppointmentForDoctorMainActivity"
92-->src\main\AndroidManifest.xml:68:13-96
93            android:exported="false"
93-->src\main\AndroidManifest.xml:69:13-37
94            android:label="@string/title_activity_scheduled_appointment_for_doctor_main"
94-->src\main\AndroidManifest.xml:70:13-89
95            android:theme="@style/Theme.MediAssist.NoActionBar" >
95-->src\main\AndroidManifest.xml:71:13-64
96            <meta-data
96-->src\main\AndroidManifest.xml:27:13-29:36
97                android:name="android.app.lib_name"
97-->src\main\AndroidManifest.xml:28:17-52
98                android:value="" />
98-->src\main\AndroidManifest.xml:29:17-33
99        </activity>
100        <activity
100-->src\main\AndroidManifest.xml:76:9-84:20
101            android:name="com.example.mediassist.category.CategoriesByDoctorActivity"
101-->src\main\AndroidManifest.xml:77:13-64
102            android:exported="false"
102-->src\main\AndroidManifest.xml:78:13-37
103            android:label="@string/title_activity_categories_by_doctor"
103-->src\main\AndroidManifest.xml:79:13-72
104            android:theme="@style/Theme.MediAssist.NoActionBar" >
104-->src\main\AndroidManifest.xml:80:13-64
105            <meta-data
105-->src\main\AndroidManifest.xml:27:13-29:36
106                android:name="android.app.lib_name"
106-->src\main\AndroidManifest.xml:28:17-52
107                android:value="" />
107-->src\main\AndroidManifest.xml:29:17-33
108        </activity>
109        <activity
109-->src\main\AndroidManifest.xml:85:9-93:20
110            android:name="com.example.mediassist.acceptdenyappointment.AcceptDenyAppointmentActivity"
110-->src\main\AndroidManifest.xml:86:13-80
111            android:exported="false"
111-->src\main\AndroidManifest.xml:87:13-37
112            android:label="Accept_Deny_AppointmentActivity"
112-->src\main\AndroidManifest.xml:88:13-60
113            android:theme="@style/Theme.MediAssist.NoActionBar" >
113-->src\main\AndroidManifest.xml:89:13-64
114            <meta-data
114-->src\main\AndroidManifest.xml:27:13-29:36
115                android:name="android.app.lib_name"
115-->src\main\AndroidManifest.xml:28:17-52
116                android:value="" />
116-->src\main\AndroidManifest.xml:29:17-33
117        </activity>
118        <activity
118-->src\main\AndroidManifest.xml:94:9-102:20
119            android:name="com.example.mediassist.appointmentdenystatus.DenyAppointmentMainActivity"
119-->src\main\AndroidManifest.xml:95:13-78
120            android:exported="false"
120-->src\main\AndroidManifest.xml:96:13-37
121            android:label="Deny_Appointment_MainActivity"
121-->src\main\AndroidManifest.xml:97:13-58
122            android:theme="@style/Theme.MediAssist.NoActionBar" >
122-->src\main\AndroidManifest.xml:98:13-64
123            <meta-data
123-->src\main\AndroidManifest.xml:27:13-29:36
124                android:name="android.app.lib_name"
124-->src\main\AndroidManifest.xml:28:17-52
125                android:value="" />
125-->src\main\AndroidManifest.xml:29:17-33
126        </activity>
127        <activity
127-->src\main\AndroidManifest.xml:103:9-111:20
128            android:name="com.example.mediassist.appointmentacceptstatus.AcceptAppointmentMainActivity"
128-->src\main\AndroidManifest.xml:104:13-82
129            android:exported="false"
129-->src\main\AndroidManifest.xml:105:13-37
130            android:label="Accept_Appointment_MainActivity"
130-->src\main\AndroidManifest.xml:106:13-60
131            android:theme="@style/Theme.MediAssist.NoActionBar" >
131-->src\main\AndroidManifest.xml:107:13-64
132            <meta-data
132-->src\main\AndroidManifest.xml:27:13-29:36
133                android:name="android.app.lib_name"
133-->src\main\AndroidManifest.xml:28:17-52
134                android:value="" />
134-->src\main\AndroidManifest.xml:29:17-33
135        </activity>
136        <activity
136-->src\main\AndroidManifest.xml:112:9-120:20
137            android:name="com.example.mediassist.appointmentstatus.AppointmentListActivity"
137-->src\main\AndroidManifest.xml:113:13-70
138            android:exported="false"
138-->src\main\AndroidManifest.xml:114:13-37
139            android:label="appointment_list"
139-->src\main\AndroidManifest.xml:115:13-45
140            android:theme="@style/Theme.MediAssist.NoActionBar" >
140-->src\main\AndroidManifest.xml:116:13-64
141            <meta-data
141-->src\main\AndroidManifest.xml:27:13-29:36
142                android:name="android.app.lib_name"
142-->src\main\AndroidManifest.xml:28:17-52
143                android:value="" />
143-->src\main\AndroidManifest.xml:29:17-33
144        </activity>
145        <activity
145-->src\main\AndroidManifest.xml:121:9-129:20
146            android:name="com.example.mediassist.SearchDoctors.SearchDoctorsListActivity"
146-->src\main\AndroidManifest.xml:122:13-68
147            android:exported="false"
147-->src\main\AndroidManifest.xml:123:13-37
148            android:label="@string/title_activity_search_doctors_list"
148-->src\main\AndroidManifest.xml:124:13-71
149            android:theme="@style/Theme.MediAssist.NoActionBar" >
149-->src\main\AndroidManifest.xml:125:13-64
150            <meta-data
150-->src\main\AndroidManifest.xml:27:13-29:36
151                android:name="android.app.lib_name"
151-->src\main\AndroidManifest.xml:28:17-52
152                android:value="" />
152-->src\main\AndroidManifest.xml:29:17-33
153        </activity>
154        <activity
154-->src\main\AndroidManifest.xml:130:9-138:20
155            android:name="com.example.mediassist.appointment.ScheduleAppointmentActivity"
155-->src\main\AndroidManifest.xml:131:13-68
156            android:exported="false"
156-->src\main\AndroidManifest.xml:132:13-37
157            android:label="@string/title_activity_schedule_appointment"
157-->src\main\AndroidManifest.xml:133:13-72
158            android:theme="@style/Theme.MediAssist.NoActionBar" >
158-->src\main\AndroidManifest.xml:134:13-64
159            <meta-data
159-->src\main\AndroidManifest.xml:27:13-29:36
160                android:name="android.app.lib_name"
160-->src\main\AndroidManifest.xml:28:17-52
161                android:value="" />
161-->src\main\AndroidManifest.xml:29:17-33
162        </activity>
163
164        <meta-data
164-->src\main\AndroidManifest.xml:140:9-142:53
165            android:name="com.google.android.actions"
165-->src\main\AndroidManifest.xml:141:13-54
166            android:resource="@xml/dropdown_item" />
166-->src\main\AndroidManifest.xml:142:13-50
167
168        <activity
168-->src\main\AndroidManifest.xml:144:9-152:20
169            android:name="com.example.mediassist.resetpassword.ForgotPasswordActivity"
169-->src\main\AndroidManifest.xml:145:13-65
170            android:exported="false"
170-->src\main\AndroidManifest.xml:146:13-37
171            android:label="forgot_password"
171-->src\main\AndroidManifest.xml:147:13-44
172            android:theme="@style/Theme.MediAssist.NoActionBar" >
172-->src\main\AndroidManifest.xml:148:13-64
173            <meta-data
173-->src\main\AndroidManifest.xml:27:13-29:36
174                android:name="android.app.lib_name"
174-->src\main\AndroidManifest.xml:28:17-52
175                android:value="" />
175-->src\main\AndroidManifest.xml:29:17-33
176        </activity>
177        <activity
177-->src\main\AndroidManifest.xml:153:9-161:20
178            android:name="com.example.mediassist.login.LoginActivity"
178-->src\main\AndroidManifest.xml:154:13-48
179            android:exported="false"
179-->src\main\AndroidManifest.xml:155:13-37
180            android:label="LoginActivity"
180-->src\main\AndroidManifest.xml:156:13-42
181            android:theme="@style/Theme.MediAssist.NoActionBar" >
181-->src\main\AndroidManifest.xml:157:13-64
182            <meta-data
182-->src\main\AndroidManifest.xml:27:13-29:36
183                android:name="android.app.lib_name"
183-->src\main\AndroidManifest.xml:28:17-52
184                android:value="" />
184-->src\main\AndroidManifest.xml:29:17-33
185        </activity>
186        <activity
186-->src\main\AndroidManifest.xml:162:9-170:20
187            android:name="com.example.mediassist.dashboard.DashboardActivity"
187-->src\main\AndroidManifest.xml:163:13-56
188            android:exported="false"
188-->src\main\AndroidManifest.xml:164:13-37
189            android:label="@string/title_activity_dashboard"
189-->src\main\AndroidManifest.xml:165:13-61
190            android:theme="@style/Theme.MediAssist.NoActionBar" >
190-->src\main\AndroidManifest.xml:166:13-64
191            <meta-data
191-->src\main\AndroidManifest.xml:27:13-29:36
192                android:name="android.app.lib_name"
192-->src\main\AndroidManifest.xml:28:17-52
193                android:value="" />
193-->src\main\AndroidManifest.xml:29:17-33
194        </activity>
195        <activity
195-->src\main\AndroidManifest.xml:171:9-179:20
196            android:name="com.example.mediassist.clinicadmin.ClinicAdminActivity"
196-->src\main\AndroidManifest.xml:172:13-60
197            android:exported="false"
197-->src\main\AndroidManifest.xml:173:13-37
198            android:label="ClinicAdminActivity"
198-->src\main\AndroidManifest.xml:174:13-48
199            android:theme="@style/Theme.MediAssist.NoActionBar" >
199-->src\main\AndroidManifest.xml:175:13-64
200            <meta-data
200-->src\main\AndroidManifest.xml:27:13-29:36
201                android:name="android.app.lib_name"
201-->src\main\AndroidManifest.xml:28:17-52
202                android:value="" />
202-->src\main\AndroidManifest.xml:29:17-33
203        </activity>
204        <activity
204-->src\main\AndroidManifest.xml:180:9-188:20
205            android:name="com.example.mediassist.category.CategoryActivity"
205-->src\main\AndroidManifest.xml:181:13-54
206            android:exported="false"
206-->src\main\AndroidManifest.xml:182:13-37
207            android:label="CategoryActivity"
207-->src\main\AndroidManifest.xml:183:13-45
208            android:theme="@style/Theme.MediAssist.NoActionBar" >
208-->src\main\AndroidManifest.xml:184:13-64
209            <meta-data
209-->src\main\AndroidManifest.xml:27:13-29:36
210                android:name="android.app.lib_name"
210-->src\main\AndroidManifest.xml:28:17-52
211                android:value="" />
211-->src\main\AndroidManifest.xml:29:17-33
212        </activity>
213        <activity
213-->src\main\AndroidManifest.xml:189:9-197:20
214            android:name="com.example.mediassist.doctor.DoctorActivity"
214-->src\main\AndroidManifest.xml:190:13-50
215            android:exported="false"
215-->src\main\AndroidManifest.xml:191:13-37
216            android:label="DoctorActivity"
216-->src\main\AndroidManifest.xml:192:13-43
217            android:theme="@style/Theme.MediAssist.NoActionBar" >
217-->src\main\AndroidManifest.xml:193:13-64
218            <meta-data
218-->src\main\AndroidManifest.xml:27:13-29:36
219                android:name="android.app.lib_name"
219-->src\main\AndroidManifest.xml:28:17-52
220                android:value="" />
220-->src\main\AndroidManifest.xml:29:17-33
221        </activity>
222        <activity
222-->src\main\AndroidManifest.xml:198:9-212:20
223            android:name="com.example.mediassist.MainActivity"
223-->src\main\AndroidManifest.xml:199:13-41
224            android:exported="true"
224-->src\main\AndroidManifest.xml:200:13-36
225            android:label="@string/app_name"
225-->src\main\AndroidManifest.xml:201:13-45
226            android:theme="@style/Theme.MediAssist.NoActionBar" >
226-->src\main\AndroidManifest.xml:202:13-64
227            <intent-filter>
227-->src\main\AndroidManifest.xml:203:13-207:29
228                <action android:name="android.intent.action.MAIN" />
228-->src\main\AndroidManifest.xml:204:17-69
228-->src\main\AndroidManifest.xml:204:25-66
229
230                <category android:name="android.intent.category.LAUNCHER" />
230-->src\main\AndroidManifest.xml:206:17-77
230-->src\main\AndroidManifest.xml:206:27-74
231            </intent-filter>
232
233            <meta-data
233-->src\main\AndroidManifest.xml:27:13-29:36
234                android:name="android.app.lib_name"
234-->src\main\AndroidManifest.xml:28:17-52
235                android:value="" />
235-->src\main\AndroidManifest.xml:29:17-33
236        </activity>
237        <activity
237-->src\main\AndroidManifest.xml:213:9-221:20
238            android:name="com.example.mediassist.clinic.ClinicActivity"
238-->src\main\AndroidManifest.xml:214:13-50
239            android:exported="false"
239-->src\main\AndroidManifest.xml:215:13-37
240            android:label="@string/title_activity_clinic"
240-->src\main\AndroidManifest.xml:216:13-58
241            android:theme="@style/Theme.MediAssist.NoActionBar" >
241-->src\main\AndroidManifest.xml:217:13-64
242            <meta-data
242-->src\main\AndroidManifest.xml:27:13-29:36
243                android:name="android.app.lib_name"
243-->src\main\AndroidManifest.xml:28:17-52
244                android:value="" />
244-->src\main\AndroidManifest.xml:29:17-33
245        </activity>
246        <activity
246-->src\main\AndroidManifest.xml:222:9-229:20
247            android:name="com.example.mediassist.signup.RegisterActivity"
247-->src\main\AndroidManifest.xml:223:13-52
248            android:exported="false"
248-->src\main\AndroidManifest.xml:224:13-37
249            android:theme="@style/Theme.MediAssist.NoActionBar" >
249-->src\main\AndroidManifest.xml:225:13-64
250            <meta-data
250-->src\main\AndroidManifest.xml:27:13-29:36
251                android:name="android.app.lib_name"
251-->src\main\AndroidManifest.xml:28:17-52
252                android:value="" />
252-->src\main\AndroidManifest.xml:29:17-33
253        </activity>
254        <activity
254-->[com.google.android.libraries.places:places:2.7.0] AndroidManifest.xml:15:9-21:20
255            android:name="com.google.android.libraries.places.widget.AutocompleteActivity"
255-->[com.google.android.libraries.places:places:2.7.0] AndroidManifest.xml:16:13-91
256            android:exported="false"
256-->[com.google.android.libraries.places:places:2.7.0] AndroidManifest.xml:17:13-37
257            android:label="@string/places_autocomplete_label"
257-->[com.google.android.libraries.places:places:2.7.0] AndroidManifest.xml:18:13-62
258            android:theme="@style/PlacesAutocompleteOverlay"
258-->[com.google.android.libraries.places:places:2.7.0] AndroidManifest.xml:19:13-61
259            android:windowSoftInputMode="adjustResize" >
259-->[com.google.android.libraries.places:places:2.7.0] AndroidManifest.xml:20:13-55
260        </activity>
261
262        <service
262-->[com.google.firebase:firebase-firestore:24.4.0] AndroidManifest.xml:16:9-22:19
263            android:name="com.google.firebase.components.ComponentDiscoveryService"
263-->[com.google.firebase:firebase-firestore:24.4.0] AndroidManifest.xml:17:13-84
264            android:directBootAware="true"
264-->[com.google.firebase:firebase-common:20.2.0] AndroidManifest.xml:34:13-43
265            android:exported="false" >
265-->[com.google.firebase:firebase-firestore:24.4.0] AndroidManifest.xml:18:13-37
266            <meta-data
266-->[com.google.firebase:firebase-firestore:24.4.0] AndroidManifest.xml:19:13-21:85
267                android:name="com.google.firebase.components:com.google.firebase.firestore.FirestoreRegistrar"
267-->[com.google.firebase:firebase-firestore:24.4.0] AndroidManifest.xml:20:17-111
268                android:value="com.google.firebase.components.ComponentRegistrar" />
268-->[com.google.firebase:firebase-firestore:24.4.0] AndroidManifest.xml:21:17-82
269            <meta-data
269-->[com.google.firebase:firebase-database:20.1.0] AndroidManifest.xml:31:13-33:85
270                android:name="com.google.firebase.components:com.google.firebase.database.DatabaseRegistrar"
270-->[com.google.firebase:firebase-database:20.1.0] AndroidManifest.xml:32:17-109
271                android:value="com.google.firebase.components.ComponentRegistrar" />
271-->[com.google.firebase:firebase-database:20.1.0] AndroidManifest.xml:33:17-82
272            <meta-data
272-->[com.google.firebase:firebase-auth:21.1.0] AndroidManifest.xml:67:13-69:85
273                android:name="com.google.firebase.components:com.google.firebase.auth.FirebaseAuthRegistrar"
273-->[com.google.firebase:firebase-auth:21.1.0] AndroidManifest.xml:68:17-109
274                android:value="com.google.firebase.components.ComponentRegistrar" />
274-->[com.google.firebase:firebase-auth:21.1.0] AndroidManifest.xml:69:17-82
275            <meta-data
275-->[com.google.android.gms:play-services-measurement-api:21.2.0] AndroidManifest.xml:31:13-33:85
276                android:name="com.google.firebase.components:com.google.firebase.analytics.connector.internal.AnalyticsConnectorRegistrar"
276-->[com.google.android.gms:play-services-measurement-api:21.2.0] AndroidManifest.xml:32:17-139
277                android:value="com.google.firebase.components.ComponentRegistrar" />
277-->[com.google.android.gms:play-services-measurement-api:21.2.0] AndroidManifest.xml:33:17-82
278            <meta-data
278-->[com.google.firebase:firebase-installations:17.1.0] AndroidManifest.xml:17:13-19:85
279                android:name="com.google.firebase.components:com.google.firebase.installations.FirebaseInstallationsRegistrar"
279-->[com.google.firebase:firebase-installations:17.1.0] AndroidManifest.xml:18:17-127
280                android:value="com.google.firebase.components.ComponentRegistrar" />
280-->[com.google.firebase:firebase-installations:17.1.0] AndroidManifest.xml:19:17-82
281        </service>
282
283        <activity
283-->[com.google.firebase:firebase-auth:21.1.0] AndroidManifest.xml:27:9-44:20
284            android:name="com.google.firebase.auth.internal.GenericIdpActivity"
284-->[com.google.firebase:firebase-auth:21.1.0] AndroidManifest.xml:28:13-80
285            android:excludeFromRecents="true"
285-->[com.google.firebase:firebase-auth:21.1.0] AndroidManifest.xml:29:13-46
286            android:exported="true"
286-->[com.google.firebase:firebase-auth:21.1.0] AndroidManifest.xml:30:13-36
287            android:launchMode="singleTask"
287-->[com.google.firebase:firebase-auth:21.1.0] AndroidManifest.xml:31:13-44
288            android:theme="@android:style/Theme.Translucent.NoTitleBar" >
288-->[com.google.firebase:firebase-auth:21.1.0] AndroidManifest.xml:32:13-72
289            <intent-filter>
289-->[com.google.firebase:firebase-auth:21.1.0] AndroidManifest.xml:33:13-43:29
290                <action android:name="android.intent.action.VIEW" />
290-->[com.google.firebase:firebase-auth:21.1.0] AndroidManifest.xml:34:17-69
290-->[com.google.firebase:firebase-auth:21.1.0] AndroidManifest.xml:34:25-66
291
292                <category android:name="android.intent.category.DEFAULT" />
292-->[com.google.firebase:firebase-auth:21.1.0] AndroidManifest.xml:36:17-76
292-->[com.google.firebase:firebase-auth:21.1.0] AndroidManifest.xml:36:27-73
293                <category android:name="android.intent.category.BROWSABLE" />
293-->[com.google.firebase:firebase-auth:21.1.0] AndroidManifest.xml:37:17-78
293-->[com.google.firebase:firebase-auth:21.1.0] AndroidManifest.xml:37:27-75
294
295                <data
295-->[com.google.firebase:firebase-auth:21.1.0] AndroidManifest.xml:39:17-42:51
296                    android:host="firebase.auth"
296-->[com.google.firebase:firebase-auth:21.1.0] AndroidManifest.xml:40:21-49
297                    android:path="/"
297-->[com.google.firebase:firebase-auth:21.1.0] AndroidManifest.xml:41:21-37
298                    android:scheme="genericidp" />
298-->[com.google.firebase:firebase-auth:21.1.0] AndroidManifest.xml:42:21-48
299            </intent-filter>
300        </activity>
301        <activity
301-->[com.google.firebase:firebase-auth:21.1.0] AndroidManifest.xml:45:9-62:20
302            android:name="com.google.firebase.auth.internal.RecaptchaActivity"
302-->[com.google.firebase:firebase-auth:21.1.0] AndroidManifest.xml:46:13-79
303            android:excludeFromRecents="true"
303-->[com.google.firebase:firebase-auth:21.1.0] AndroidManifest.xml:47:13-46
304            android:exported="true"
304-->[com.google.firebase:firebase-auth:21.1.0] AndroidManifest.xml:48:13-36
305            android:launchMode="singleTask"
305-->[com.google.firebase:firebase-auth:21.1.0] AndroidManifest.xml:49:13-44
306            android:theme="@android:style/Theme.Translucent.NoTitleBar" >
306-->[com.google.firebase:firebase-auth:21.1.0] AndroidManifest.xml:50:13-72
307            <intent-filter>
307-->[com.google.firebase:firebase-auth:21.1.0] AndroidManifest.xml:51:13-61:29
308                <action android:name="android.intent.action.VIEW" />
308-->[com.google.firebase:firebase-auth:21.1.0] AndroidManifest.xml:34:17-69
308-->[com.google.firebase:firebase-auth:21.1.0] AndroidManifest.xml:34:25-66
309
310                <category android:name="android.intent.category.DEFAULT" />
310-->[com.google.firebase:firebase-auth:21.1.0] AndroidManifest.xml:36:17-76
310-->[com.google.firebase:firebase-auth:21.1.0] AndroidManifest.xml:36:27-73
311                <category android:name="android.intent.category.BROWSABLE" />
311-->[com.google.firebase:firebase-auth:21.1.0] AndroidManifest.xml:37:17-78
311-->[com.google.firebase:firebase-auth:21.1.0] AndroidManifest.xml:37:27-75
312
313                <data